<?xml version="1.0" encoding="UTF-8"?>
<testng-results ignored="0" total="1" passed="1" failed="0" skipped="0">
  <reporter-output>
  </reporter-output>
  <suite started-at="2021-09-08T17:29:33 IST" name="Suite" finished-at="2021-09-08T17:29:43 IST" duration-ms="10611">
    <groups>
    </groups>
    <test started-at="2021-09-08T17:29:33 IST" name="Test" finished-at="2021-09-08T17:29:43 IST" duration-ms="10611">
      <class name="com.qa.testscripts.TC_OranageHRM">
        <test-method is-config="true" signature="SetUp()[pri:0, instance:com.qa.testscripts.TC_OranageHRM@2473d930]" started-at="2021-09-08T17:29:33 IST" name="SetUp" finished-at="2021-09-08T17:29:39 IST" duration-ms="6361" status="PASS">
          <reporter-output>
          </reporter-output>
        </test-method> <!-- SetUp -->
        <test-method signature="validate()[pri:0, instance:com.qa.testscripts.TC_OranageHRM@2473d930]" started-at="2021-09-08T17:29:39 IST" name="validate" finished-at="2021-09-08T17:29:43 IST" duration-ms="3746" status="PASS">
          <reporter-output>
          </reporter-output>
        </test-method> <!-- validate -->
        <test-method is-config="true" signature="tearDown()[pri:0, instance:com.qa.testscripts.TC_OranageHRM@2473d930]" started-at="2021-09-08T17:29:43 IST" name="tearDown" finished-at="2021-09-08T17:29:43 IST" duration-ms="314" status="PASS">
          <reporter-output>
          </reporter-output>
        </test-method> <!-- tearDown -->
      </class> <!-- com.qa.testscripts.TC_OranageHRM -->
    </test> <!-- Test -->
  </suite> <!-- Suite -->
</testng-results>
